INFO 2024-05-21 16:42:46,653 autoreload 668 Watching for file changes with StatReloader
INFO 2024-05-21 16:43:00,435 autoreload 668 Watching for file changes with StatReloader
INFO 2024-05-21 16:43:01,892 basehttp 212 "GET / HTTP/1.1" 200 4
INFO 2024-05-21 16:43:04,662 basehttp 212 "GET / HTTP/1.1" 200 4
INFO 2024-05-21 16:44:34,271 autoreload 266 C:\Users\vain\blog\blog\blog\urls.py changed, reloading.
INFO 2024-05-21 16:44:35,289 autoreload 668 Watching for file changes with StatReloader
INFO 2024-05-21 16:44:48,727 autoreload 266 C:\Users\vain\blog\blog\blog\urls.py changed, reloading.
INFO 2024-05-21 16:44:49,552 autoreload 668 Watching for file changes with StatReloader
INFO 2024-05-21 16:45:15,973 autoreload 266 C:\Users\vain\blog\blog\blog\urls.py changed, reloading.
INFO 2024-05-21 16:45:16,738 autoreload 668 Watching for file changes with StatReloader
INFO 2024-05-21 16:45:43,677 autoreload 668 Watching for file changes with StatReloader
INFO 2024-05-21 16:45:45,375 urls 25 info
INFO 2024-05-21 16:45:45,377 basehttp 212 "GET / HTTP/1.1" 200 4
INFO 2024-05-21 16:48:53,067 autoreload 266 C:\Users\vain\blog\blog\blog\settings.py changed, reloading.
INFO 2024-05-21 16:48:53,844 autoreload 668 Watching for file changes with StatReloader
INFO 2024-05-21 16:49:05,158 autoreload 266 C:\Users\vain\blog\blog\blog\settings.py changed, reloading.
INFO 2024-05-21 16:49:46,428 autoreload 668 Watching for file changes with StatReloader
INFO 2024-05-21 16:49:48,636 urls 25 info
INFO 2024-05-21 16:49:48,638 basehttp 212 "GET / HTTP/1.1" 200 4
INFO 2024-05-21 16:50:17,238 basehttp 212 "GET /static/index.html HTTP/1.1" 200 12002
INFO 2024-05-21 16:50:17,290 basehttp 212 "GET /static/common/jquery.pagination.css HTTP/1.1" 200 523
INFO 2024-05-21 16:50:17,291 basehttp 212 "GET /static/md_css/monokai.css HTTP/1.1" 200 4118
INFO 2024-05-21 16:50:17,292 basehttp 212 "GET /static/common/common.css HTTP/1.1" 200 381
INFO 2024-05-21 16:50:17,292 basehttp 212 "GET /static/js/axios-0.18.0.min.js HTTP/1.1" 200 12941
INFO 2024-05-21 16:50:17,293 basehttp 212 "GET /static/bootstrap/css/bootstrap.min.css HTTP/1.1" 200 140942
INFO 2024-05-21 16:50:17,295 basehttp 212 "GET /static/js/jquery-1.12.4.min.js HTTP/1.1" 200 97163
INFO 2024-05-21 16:50:17,296 basehttp 212 "GET /static/js/vue-2.5.16.js HTTP/1.1" 200 289307
INFO 2024-05-21 16:50:17,300 basehttp 212 "GET /static/img/1.jpg HTTP/1.1" 200 78682
INFO 2024-05-21 16:50:17,301 basehttp 212 "GET /static/js/host.js HTTP/1.1" 200 35
INFO 2024-05-21 16:50:17,320 basehttp 212 "GET /static/js/common.js HTTP/1.1" 200 891
INFO 2024-05-21 16:50:17,338 basehttp 212 "GET /static/js/index.js HTTP/1.1" 200 530
INFO 2024-05-21 16:50:17,339 basehttp 212 "GET /static/js/jquery.pagination.min.js HTTP/1.1" 200 2935
INFO 2024-05-21 16:51:29,902 basehttp 212 "GET /static/detail.html HTTP/1.1" 200 8816
INFO 2024-05-21 16:51:29,962 basehttp 212 "GET /static/prism/prism.css HTTP/1.1" 200 4033
INFO 2024-05-21 16:51:29,963 basehttp 212 "GET /static/ckeditor/ckeditor-init.js HTTP/1.1" 200 2039
INFO 2024-05-21 16:51:29,964 basehttp 212 "GET /static/js/detail.js HTTP/1.1" 200 1294
INFO 2024-05-21 16:51:29,964 basehttp 212 "GET /static/ckeditor/ckeditor/plugins/prism/lib/prism/prism_patched.min.js HTTP/1.1" 200 99487
INFO 2024-05-21 16:51:29,970 basehttp 212 "GET /static/ckeditor/ckeditor/ckeditor.js HTTP/1.1" 200 690627
INFO 2024-05-21 16:51:30,193 basehttp 212 "GET /static/ckeditor/ckeditor/config.js?t=I3I8 HTTP/1.1" 200 338
INFO 2024-05-21 16:51:30,213 basehttp 212 "GET /static/ckeditor/ckeditor/lang/en.js?t=I3I8 HTTP/1.1" 200 19035
INFO 2024-05-21 16:51:30,213 basehttp 212 "GET /static/ckeditor/ckeditor/skins/moono-lisa/editor.css?t=I3I8 HTTP/1.1" 200 46921
INFO 2024-05-21 16:51:30,227 basehttp 212 "GET /static/ckeditor/ckeditor/styles.js?t=I3I8 HTTP/1.1" 200 5583
INFO 2024-05-21 16:51:30,240 basehttp 212 "GET /static/ckeditor/ckeditor/plugins/prism/plugin.js?t=I3I8 HTTP/1.1" 200 4333
INFO 2024-05-21 16:51:30,240 basehttp 212 "GET /static/ckeditor/ckeditor/plugins/codesnippet/plugin.js?t=I3I8 HTTP/1.1" 200 3824
INFO 2024-05-21 16:51:30,254 basehttp 212 "GET /static/ckeditor/ckeditor/plugins/scayt/skins/moono-lisa/scayt.css HTTP/1.1" 200 381
INFO 2024-05-21 16:51:30,256 basehttp 212 "GET /static/ckeditor/ckeditor/plugins/scayt/dialogs/dialog.css HTTP/1.1" 200 419
INFO 2024-05-21 16:51:30,257 basehttp 212 "GET /static/ckeditor/ckeditor/plugins/tableselection/styles/tableselection.css HTTP/1.1" 200 1082
INFO 2024-05-21 16:51:30,258 basehttp 212 "GET /static/ckeditor/ckeditor/plugins/wsc/skins/moono-lisa/wsc.css HTTP/1.1" 200 1306
INFO 2024-05-21 16:51:30,263 basehttp 212 "GET /static/ckeditor/ckeditor/plugins/codesnippet/lang/en.js?t=I3I8 HTTP/1.1" 200 369
INFO 2024-05-21 16:51:30,278 basehttp 212 "GET /static/ckeditor/ckeditor/plugins/copyformatting/styles/copyformatting.css HTTP/1.1" 200 1513
INFO 2024-05-21 16:51:30,309 basehttp 212 "GET /static/ckeditor/ckeditor/skins/moono-lisa/icons.png?t=95e5d83 HTTP/1.1" 200 12421
INFO 2024-05-21 16:51:30,312 basehttp 212 "GET /static/ckeditor/ckeditor/plugins/codesnippet/icons/codesnippet.png?t=I3I8 HTTP/1.1" 200 597
INFO 2024-05-21 16:51:30,323 basehttp 212 "GET /static/ckeditor/ckeditor/contents.css?t=I3I8 HTTP/1.1" 200 2954
INFO 2024-05-21 16:51:30,326 basehttp 212 "GET /static/ckeditor/ckeditor/plugins/prism/lib/prism/prism_patched.min.css HTTP/1.1" 200 2063
INFO 2024-05-21 17:00:31,513 autoreload 266 C:\Users\vain\blog\blog\blog\settings.py changed, reloading.
INFO 2024-05-21 17:00:32,332 autoreload 668 Watching for file changes with StatReloader
INFO 2024-05-21 17:00:37,153 autoreload 266 C:\Users\vain\blog\blog\blog\settings.py changed, reloading.
INFO 2024-05-21 17:00:37,907 autoreload 668 Watching for file changes with StatReloader
INFO 2024-05-21 17:01:22,552 autoreload 266 C:\Users\vain\blog\blog\blog\settings.py changed, reloading.
INFO 2024-05-21 17:01:23,386 autoreload 668 Watching for file changes with StatReloader
INFO 2024-05-21 17:02:20,269 autoreload 266 C:\Users\vain\blog\blog\blog\settings.py changed, reloading.
INFO 2024-05-21 17:02:21,088 autoreload 668 Watching for file changes with StatReloader
INFO 2024-05-21 17:02:28,054 autoreload 266 C:\Users\vain\blog\blog\blog\settings.py changed, reloading.
INFO 2024-05-21 17:02:28,853 autoreload 668 Watching for file changes with StatReloader
INFO 2024-05-21 17:03:04,071 autoreload 266 C:\Users\vain\blog\blog\blog\settings.py changed, reloading.
INFO 2024-05-21 17:03:04,868 autoreload 668 Watching for file changes with StatReloader
INFO 2024-05-21 17:07:43,582 autoreload 266 C:\Users\vain\blog\blog\blog\urls.py changed, reloading.
INFO 2024-05-21 17:07:44,450 autoreload 668 Watching for file changes with StatReloader
INFO 2024-05-21 17:08:04,343 autoreload 266 C:\Users\vain\blog\blog\blog\urls.py changed, reloading.
INFO 2024-05-21 17:08:05,161 autoreload 668 Watching for file changes with StatReloader
INFO 2024-05-21 17:08:37,019 autoreload 266 C:\Users\vain\blog\blog\blog\urls.py changed, reloading.
INFO 2024-05-21 17:08:37,841 autoreload 668 Watching for file changes with StatReloader
INFO 2024-05-21 17:11:21,908 autoreload 668 Watching for file changes with StatReloader
WARNING 2024-05-21 17:11:24,805 log 241 Not Found: /
WARNING 2024-05-21 17:11:24,806 basehttp 212 "GET / HTTP/1.1" 404 2230
INFO 2024-05-21 17:11:54,920 basehttp 212 "GET /register HTTP/1.1" 301 0
INFO 2024-05-21 17:11:54,930 basehttp 212 "GET /register/ HTTP/1.1" 200 5217
INFO 2024-05-21 17:11:55,451 basehttp 212 "GET /static/img/image_code.png HTTP/1.1" 200 3483
INFO 2024-05-21 17:11:55,451 basehttp 212 "GET /static/js/register.js HTTP/1.1" 200 6407
WARNING 2024-05-21 17:13:52,625 log 241 Not Found: /
WARNING 2024-05-21 17:13:52,625 basehttp 212 "GET / HTTP/1.1" 404 2230
INFO 2024-05-24 20:30:56,717 autoreload 668 Watching for file changes with StatReloader
WARNING 2024-05-24 20:30:58,904 log 241 Not Found: /
WARNING 2024-05-24 20:30:58,905 basehttp 212 "GET / HTTP/1.1" 404 2230
WARNING 2024-05-24 20:30:59,161 log 241 Not Found: /favicon.ico
WARNING 2024-05-24 20:30:59,162 basehttp 212 "GET /favicon.ico HTTP/1.1" 404 2281
INFO 2024-05-24 20:31:11,735 basehttp 212 "GET /static/index.html HTTP/1.1" 200 12002
INFO 2024-05-24 20:31:11,866 basehttp 212 "GET /static/md_css/monokai.css HTTP/1.1" 200 4118
INFO 2024-05-24 20:31:11,868 basehttp 212 "GET /static/bootstrap/css/bootstrap.min.css HTTP/1.1" 200 140942
INFO 2024-05-24 20:31:11,877 basehttp 212 "GET /static/common/common.css HTTP/1.1" 200 381
INFO 2024-05-24 20:31:11,877 basehttp 212 "GET /static/common/jquery.pagination.css HTTP/1.1" 200 523
INFO 2024-05-24 20:31:11,879 basehttp 212 "GET /static/js/axios-0.18.0.min.js HTTP/1.1" 200 12941
INFO 2024-05-24 20:31:11,882 basehttp 212 "GET /static/js/vue-2.5.16.js HTTP/1.1" 200 289307
INFO 2024-05-24 20:31:11,899 basehttp 212 "GET /static/js/jquery-1.12.4.min.js HTTP/1.1" 200 97163
INFO 2024-05-24 20:31:11,922 basehttp 212 "GET /static/img/1.jpg HTTP/1.1" 200 78682
INFO 2024-05-24 20:31:11,925 basehttp 212 "GET /static/js/host.js HTTP/1.1" 200 35
INFO 2024-05-24 20:31:11,948 basehttp 212 "GET /static/js/common.js HTTP/1.1" 200 891
INFO 2024-05-24 20:31:12,012 basehttp 212 "GET /static/js/jquery.pagination.min.js HTTP/1.1" 200 2935
INFO 2024-05-24 20:31:12,012 basehttp 212 "GET /static/js/index.js HTTP/1.1" 200 530
WARNING 2024-05-24 20:31:13,026 log 241 Not Found: /favicon.ico
WARNING 2024-05-24 20:31:13,026 basehttp 212 "GET /favicon.ico HTTP/1.1" 404 2281
